mode: set
scope-metrics/internal/config/config.go:28.20,46.2 1 1
scope-metrics/internal/config/config.go:48.40,50.2 1 1
scope-metrics/internal/config/config.go:52.49,54.24 2 1
scope-metrics/internal/config/config.go:54.24,56.3 1 1
scope-metrics/internal/config/config.go:58.2,58.14 1 1
scope-metrics/internal/config/config.go:61.72,66.2 1 1
scope-metrics/internal/config/config.go:68.78,70.32 2 1
scope-metrics/internal/config/config.go:70.32,72.3 1 1
scope-metrics/internal/config/config.go:74.2,74.54 1 1
scope-metrics/cmd/scope-metrics/main.go:18.55,20.3 1 1
scope-metrics/cmd/scope-metrics/main.go:27.13,29.2 1 1
scope-metrics/cmd/scope-metrics/main.go:31.29,32.57 1 1
scope-metrics/cmd/scope-metrics/main.go:32.57,34.3 1 1
scope-metrics/cmd/scope-metrics/main.go:37.18,39.15 2 1
scope-metrics/cmd/scope-metrics/main.go:39.15,46.17 2 1
scope-metrics/cmd/scope-metrics/main.go:46.17,48.4 1 1
scope-metrics/cmd/scope-metrics/main.go:48.9,50.4 1 1
scope-metrics/cmd/scope-metrics/main.go:53.2,54.41 2 1
scope-metrics/cmd/scope-metrics/main.go:57.33,58.90 1 1
scope-metrics/cmd/scope-metrics/main.go:58.90,60.3 1 1
scope-metrics/cmd/scope-metrics/main.go:61.2,61.44 1 1
scope-metrics/cmd/scope-metrics/main.go:64.39,66.42 2 1
scope-metrics/cmd/scope-metrics/main.go:66.42,68.3 1 1
scope-metrics/cmd/scope-metrics/main.go:69.2,69.14 1 1
scope-metrics/cmd/scope-metrics/main.go:72.84,88.2 4 1
scope-metrics/internal/alerts/alerts.go:102.49,103.16 1 1
scope-metrics/internal/alerts/alerts.go:103.16,109.3 1 1
scope-metrics/internal/alerts/alerts.go:111.2,112.16 2 1
scope-metrics/internal/alerts/alerts.go:112.16,114.3 1 1
scope-metrics/internal/alerts/alerts.go:116.2,117.55 2 1
scope-metrics/internal/alerts/alerts.go:117.55,119.3 1 1
scope-metrics/internal/alerts/alerts.go:121.2,121.22 1 1
scope-metrics/internal/alerts/alerts.go:121.22,123.3 1 1
scope-metrics/internal/alerts/alerts.go:125.2,126.27 2 1
scope-metrics/internal/alerts/alerts.go:126.27,128.3 1 1
scope-metrics/internal/alerts/alerts.go:130.2,131.33 2 1
scope-metrics/internal/alerts/alerts.go:131.33,133.17 2 1
scope-metrics/internal/alerts/alerts.go:133.17,135.4 1 1
scope-metrics/internal/alerts/alerts.go:136.3,136.35 1 1
scope-metrics/internal/alerts/alerts.go:139.2,140.33 2 1
scope-metrics/internal/alerts/alerts.go:140.33,141.20 1 1
scope-metrics/internal/alerts/alerts.go:141.20,143.4 1 1
scope-metrics/internal/alerts/alerts.go:145.3,145.25 1 1
scope-metrics/internal/alerts/alerts.go:145.25,147.4 1 1
scope-metrics/internal/alerts/alerts.go:149.3,150.26 2 1
scope-metrics/internal/alerts/alerts.go:150.26,152.18 2 1
scope-metrics/internal/alerts/alerts.go:152.18,154.5 1 1
scope-metrics/internal/alerts/alerts.go:155.4,155.29 1 0
scope-metrics/internal/alerts/alerts.go:158.3,159.21 2 1
scope-metrics/internal/alerts/alerts.go:159.21,161.4 1 1
scope-metrics/internal/alerts/alerts.go:163.3,164.39 2 1
scope-metrics/internal/alerts/alerts.go:164.39,166.4 1 0
scope-metrics/internal/alerts/alerts.go:168.3,176.5 1 1
scope-metrics/internal/alerts/alerts.go:179.2,182.8 1 1
scope-metrics/internal/alerts/alerts.go:185.79,188.31 2 1
scope-metrics/internal/alerts/alerts.go:188.31,190.14 2 1
scope-metrics/internal/alerts/alerts.go:190.14,191.12 1 1
scope-metrics/internal/alerts/alerts.go:194.3,194.51 1 1
scope-metrics/internal/alerts/alerts.go:197.2,197.24 1 1
scope-metrics/internal/alerts/alerts.go:200.95,201.29 1 1
scope-metrics/internal/alerts/alerts.go:202.32,203.41 1 1
scope-metrics/internal/alerts/alerts.go:203.41,204.44 1 1
scope-metrics/internal/alerts/alerts.go:204.44,205.13 1 1
scope-metrics/internal/alerts/alerts.go:208.4,208.16 1 1
scope-metrics/internal/alerts/alerts.go:208.16,210.5 1 1
scope-metrics/internal/alerts/alerts.go:212.4,213.51 2 1
scope-metrics/internal/alerts/alerts.go:216.3,216.112 1 1
scope-metrics/internal/alerts/alerts.go:218.32,220.39 2 1
scope-metrics/internal/alerts/alerts.go:220.39,222.4 1 1
scope-metrics/internal/alerts/alerts.go:224.3,224.54 1 1
scope-metrics/internal/alerts/alerts.go:226.34,227.34 1 1
scope-metrics/internal/alerts/alerts.go:227.34,229.4 1 1
scope-metrics/internal/alerts/alerts.go:231.3,232.31 2 1
scope-metrics/internal/alerts/alerts.go:232.31,234.4 1 1
scope-metrics/internal/alerts/alerts.go:236.3,236.50 1 1
scope-metrics/internal/alerts/alerts.go:238.10,239.33 1 1
scope-metrics/internal/alerts/alerts.go:243.77,244.16 1 1
scope-metrics/internal/alerts/alerts.go:245.21,246.79 1 1
scope-metrics/internal/alerts/alerts.go:247.29,248.101 1 1
scope-metrics/internal/alerts/alerts.go:249.27,250.120 1 1
scope-metrics/internal/alerts/alerts.go:251.10,252.19 1 1
scope-metrics/internal/alerts/alerts.go:256.98,258.43 2 1
scope-metrics/internal/alerts/alerts.go:258.43,260.3 1 1
scope-metrics/internal/alerts/alerts.go:262.2,273.3 1 1
scope-metrics/internal/alerts/dispatcher.go:63.80,71.2 1 1
scope-metrics/internal/alerts/dispatcher.go:73.37,75.2 1 1
scope-metrics/internal/alerts/dispatcher.go:77.112,89.45 6 1
scope-metrics/internal/alerts/dispatcher.go:89.45,91.3 1 1
scope-metrics/internal/alerts/dispatcher.go:92.2,101.16 4 1
scope-metrics/internal/alerts/dispatcher.go:101.16,104.3 2 0
scope-metrics/internal/alerts/dispatcher.go:106.2,107.16 2 1
scope-metrics/internal/alerts/dispatcher.go:107.16,110.3 2 1
scope-metrics/internal/alerts/dispatcher.go:112.2,113.32 2 1
scope-metrics/internal/alerts/dispatcher.go:113.32,115.3 1 1
scope-metrics/internal/alerts/dispatcher.go:117.2,118.16 2 1
scope-metrics/internal/alerts/dispatcher.go:118.16,121.3 2 1
scope-metrics/internal/alerts/dispatcher.go:122.2,125.94 3 1
scope-metrics/internal/alerts/dispatcher.go:125.94,128.3 2 1
scope-metrics/internal/alerts/dispatcher.go:130.2,132.15 3 1
scope-metrics/internal/alerts/dispatcher.go:135.133,142.40 5 1
scope-metrics/internal/alerts/dispatcher.go:142.40,146.20 3 1
scope-metrics/internal/alerts/dispatcher.go:146.20,151.12 5 1
scope-metrics/internal/alerts/dispatcher.go:154.3,155.70 2 1
scope-metrics/internal/alerts/dispatcher.go:155.70,157.4 1 1
scope-metrics/internal/alerts/dispatcher.go:160.2,161.39 2 1
scope-metrics/internal/alerts/dispatcher.go:161.39,162.20 1 1
scope-metrics/internal/alerts/dispatcher.go:162.20,163.12 1 0
scope-metrics/internal/alerts/dispatcher.go:166.3,166.57 1 1
scope-metrics/internal/alerts/dispatcher.go:166.57,167.12 1 1
scope-metrics/internal/alerts/dispatcher.go:170.3,177.5 3 1
scope-metrics/internal/alerts/dispatcher.go:180.2,180.37 1 1
scope-metrics/internal/alerts/dispatcher.go:183.72,187.31 3 1
scope-metrics/internal/alerts/dispatcher.go:187.31,190.56 3 1
scope-metrics/internal/alerts/dispatcher.go:190.56,192.18 2 1
scope-metrics/internal/alerts/dispatcher.go:192.18,194.5 1 1
scope-metrics/internal/alerts/dispatcher.go:196.3,196.33 1 1
scope-metrics/internal/alerts/dispatcher.go:196.33,198.4 1 1
scope-metrics/internal/alerts/dispatcher.go:199.3,199.29 1 1
scope-metrics/internal/alerts/dispatcher.go:203.114,215.25 2 1
scope-metrics/internal/alerts/dispatcher.go:215.25,217.3 1 1
scope-metrics/internal/alerts/dispatcher.go:219.2,219.23 1 1
scope-metrics/internal/alerts/dispatcher.go:219.23,221.3 1 1
scope-metrics/internal/alerts/dispatcher.go:223.2,223.21 1 1
scope-metrics/internal/alerts/dispatcher.go:226.54,227.23 1 1
scope-metrics/internal/alerts/dispatcher.go:227.23,229.3 1 1
scope-metrics/internal/alerts/dispatcher.go:231.2,232.16 2 1
scope-metrics/internal/alerts/dispatcher.go:232.16,234.3 1 1
scope-metrics/internal/alerts/dispatcher.go:236.2,236.17 1 0
scope-metrics/internal/grpc_probes.go:20.91,28.16 6 1
scope-metrics/internal/grpc_probes.go:28.16,33.3 4 1
scope-metrics/internal/grpc_probes.go:34.2,40.16 5 1
scope-metrics/internal/grpc_probes.go:40.16,44.3 3 1
scope-metrics/internal/grpc_probes.go:46.2,47.15 2 1
scope-metrics/internal/server/app.go:146.34,317.27 8 1
scope-metrics/internal/server/app.go:317.27,319.3 1 1
scope-metrics/internal/server/app.go:319.8,321.3 1 1
scope-metrics/internal/server/app.go:323.2,336.27 5 1
scope-metrics/internal/server/app.go:336.27,338.3 1 1
scope-metrics/internal/server/app.go:340.2,352.12 2 1
scope-metrics/internal/server/app.go:355.38,364.2 8 1
scope-metrics/internal/server/app.go:366.78,387.2 2 1
scope-metrics/internal/server/app.go:389.79,401.2 2 1
scope-metrics/internal/server/app.go:403.80,406.2 2 1
scope-metrics/internal/server/app.go:408.77,410.22 2 1
scope-metrics/internal/server/app.go:410.22,412.3 1 1
scope-metrics/internal/server/app.go:414.2,419.4 1 1
scope-metrics/internal/server/app.go:422.85,425.2 2 1
scope-metrics/internal/server/app.go:427.87,439.2 6 1
scope-metrics/internal/server/app.go:441.60,443.2 1 1
scope-metrics/internal/server/app.go:445.75,447.2 1 1
scope-metrics/internal/server/app.go:449.87,452.45 2 1
scope-metrics/internal/server/app.go:452.45,456.3 3 1
scope-metrics/internal/server/app.go:458.2,458.23 1 1
scope-metrics/internal/server/app.go:458.23,459.15 1 1
scope-metrics/internal/server/app.go:459.15,461.4 1 1
scope-metrics/internal/server/app.go:462.3,464.18 3 1
scope-metrics/internal/server/app.go:464.18,465.11 1 1
scope-metrics/internal/server/app.go:466.16,466.16 0 1
scope-metrics/internal/server/app.go:467.22,467.22 0 0
scope-metrics/internal/server/app.go:470.3,473.18 4 1
scope-metrics/internal/server/app.go:476.2,495.39 17 1
scope-metrics/internal/server/app.go:498.55,499.35 1 1
scope-metrics/internal/server/app.go:499.35,501.3 1 1
scope-metrics/internal/server/app.go:503.2,503.65 1 1
scope-metrics/internal/server/app.go:506.73,517.16 5 1
scope-metrics/internal/server/app.go:517.16,520.3 2 0
scope-metrics/internal/server/app.go:520.8,520.32 1 1
scope-metrics/internal/server/app.go:520.32,523.3 2 1
scope-metrics/internal/server/app.go:525.2,526.16 2 1
scope-metrics/internal/server/app.go:526.16,529.3 2 0
scope-metrics/internal/server/app.go:529.8,536.3 6 1
scope-metrics/internal/server/app.go:538.2,539.16 2 1
scope-metrics/internal/server/app.go:539.16,542.3 2 0
scope-metrics/internal/server/app.go:542.8,549.3 6 1
scope-metrics/internal/server/app.go:551.2,551.45 1 1
scope-metrics/internal/server/app.go:551.45,553.17 2 1
scope-metrics/internal/server/app.go:553.17,555.4 1 1
scope-metrics/internal/server/app.go:558.2,563.22 5 1
scope-metrics/internal/server/app.go:563.22,566.3 2 1
scope-metrics/internal/server/app.go:566.8,569.3 2 1
scope-metrics/internal/server/app.go:570.2,576.3 3 1
scope-metrics/internal/server/app.go:579.63,583.46 3 1
scope-metrics/internal/server/app.go:583.46,586.44 2 1
scope-metrics/internal/server/app.go:586.44,589.4 2 1
scope-metrics/internal/server/app.go:592.2,593.16 2 1
scope-metrics/internal/server/app.go:596.82,604.16 4 1
scope-metrics/internal/server/app.go:604.16,607.3 2 1
scope-metrics/internal/server/app.go:611.2,614.16 3 1
scope-metrics/internal/server/app.go:614.16,617.3 2 1
scope-metrics/internal/server/app.go:618.2,625.44 6 1
scope-metrics/internal/server/app.go:628.87,632.2 3 1
scope-metrics/internal/server/app.go:634.76,637.15 3 1
scope-metrics/internal/server/app.go:637.15,639.3 1 1
scope-metrics/internal/server/app.go:639.8,641.3 1 1
scope-metrics/internal/server/app.go:644.72,645.82 1 1
scope-metrics/internal/server/app.go:645.82,648.3 2 1
scope-metrics/internal/server/app.go:651.71,652.22 1 1
scope-metrics/internal/server/app.go:652.22,655.3 2 1
scope-metrics/internal/server/app.go:657.2,674.39 2 1
scope-metrics/internal/server/app.go:674.39,676.3 1 1
scope-metrics/internal/server/app.go:678.2,678.46 1 1
scope-metrics/internal/server/app.go:678.46,680.3 1 1
scope-metrics/internal/server/app.go:682.2,683.15 2 1
scope-metrics/internal/server/app.go:683.15,685.3 1 1
scope-metrics/internal/server/app.go:687.2,689.33 3 1
scope-metrics/internal/server/app.go:692.75,694.19 2 1
scope-metrics/internal/server/app.go:694.19,696.3 1 1
scope-metrics/internal/server/app.go:698.2,698.31 1 1
scope-metrics/internal/server/app.go:698.31,701.3 2 1
scope-metrics/internal/server/app.go:703.2,703.30 1 1
scope-metrics/internal/server/app.go:703.30,707.3 3 1
scope-metrics/internal/server/app.go:709.2,710.63 2 1
scope-metrics/internal/server/app.go:713.56,718.22 5 1
scope-metrics/internal/server/app.go:718.22,721.3 2 1
scope-metrics/internal/server/app.go:723.2,733.3 1 1
scope-metrics/internal/server/app.go:736.34,738.2 1 1
scope-metrics/internal/server/app.go:740.65,742.31 2 1
scope-metrics/internal/server/app.go:742.31,752.3 1 1
scope-metrics/internal/server/app.go:754.2,754.18 1 1
scope-metrics/internal/server/app.go:757.69,762.2 4 1
scope-metrics/internal/server/app.go:764.58,769.2 3 1
scope-metrics/internal/server/app.go:771.56,778.2 5 1
scope-metrics/internal/server/app.go:780.69,785.2 3 1
scope-metrics/internal/server/app.go:787.73,794.2 5 1
